<?xml version="1.0" encoding="UTF-8"?>
<!-- Generated by org.testng.reporters.JUnitReportReporter -->
<testsuite hostname="Osamas-Mac-mini" failures="0" tests="1" name="ui.TestTitle" time="7.407" errors="0" timestamp="2022-01-02T14:41:31 PKT" skipped="0">
  <testcase classname="ui.TestTitle" name="voidTitleTest" time="7.407"/>
  <system-out/>
</testsuite> <!-- ui.TestTitle -->
