<?xml version="1.0" encoding="UTF-8"?>
<!-- Generated by org.testng.reporters.JUnitReportReporter -->
<testsuite hostname="Osamas-Mac-mini" failures="0" tests="2" name="ui.TestNG_Practice" time="0.005" errors="0" timestamp="2022-01-02T14:41:31 PKT" skipped="0">
  <testcase classname="ui.TestNG_Practice" name="LoginTest" time="0.004"/>
  <system-out/>
  <testcase classname="ui.TestNG_Practice" name="LogoutTest" time="0.001"/>
  <system-out/>
</testsuite> <!-- ui.TestNG_Practice -->
