<?xml version="1.0" encoding="UTF-8"?>
<!-- Generated by org.testng.reporters.JUnitReportReporter -->
<testsuite hostname="Osamas-Mac-mini" failures="0" tests="4" name="ui.TestInGroups" time="0.012" errors="0" timestamp="2022-01-03T16:46:37 PKT" skipped="0">
  <testcase classname="ui.TestInGroups" name="Test2" time="0.002"/>
  <system-out/>
  <testcase classname="ui.TestInGroups" name="Test3" time="0.001"/>
  <system-out/>
  <testcase classname="ui.TestInGroups" name="Test1" time="0.006"/>
  <system-out/>
  <testcase classname="ui.TestInGroups" name="Test4" time="0.003"/>
  <system-out/>
</testsuite> <!-- ui.TestInGroups -->
