<?xml version="1.0" encoding="UTF-8"?>
<!-- Generated by org.testng.reporters.JUnitReportReporter -->
<testsuite hostname="Osamas-Mac-mini" failures="0" tests="2" name="ui.SkipTestDemo" time="0.001" errors="0" timestamp="2022-01-02T14:41:31 PKT" skipped="2">
  <testcase classname="ui.SkipTestDemo" name="SkipTest12" time="0.001">
    <skipped/>
  </testcase> <!-- SkipTest12 -->
  <system-out/>
  <testcase classname="ui.SkipTestDemo" name="SkipTest1">
    <skipped/>
  </testcase> <!-- SkipTest1 -->
  <system-out/>
</testsuite> <!-- ui.SkipTestDemo -->
